This file contains any messages produced by compilers while
running configure, to aid debugging if configure makes a mistake.

It was created by ta-lib configure 0.4.0, which was
generated by GNU Autoconf 2.71.  Invocation command line was

  $ ./configure

## --------- ##
## Platform. ##
## --------- ##

hostname = marsei-arm
uname -m = aarch64
uname -r = 5.15.0-1025-oracle
uname -s = Linux
uname -v = #31-Ubuntu SMP Fri Nov 25 17:03:15 UTC 2022

/usr/bin/uname -p = aarch64
/bin/uname -X     = unknown

/bin/arch              = aarch64
/usr/bin/arch -k       = unknown
/usr/convex/getsysinfo = unknown
/usr/bin/hostinfo      = unknown
/bin/machine           = unknown
/usr/bin/oslevel       = unknown
/bin/universe          = unknown

PATH: /root/miniforge3/bin/
PATH: /root/miniforge3/condabin/
PATH: /usr/local/sbin/
PATH: /usr/local/bin/
PATH: /usr/sbin/
PATH: /usr/bin/
PATH: /sbin/
PATH: /bin/
PATH: /usr/games/
PATH: /usr/local/games/
PATH: /snap/bin/


## ----------- ##
## Core tests. ##
## ----------- ##

configure:2463: looking for aux files: config.guess config.sub ltmain.sh compile missing install-sh
configure:2476:  trying ./
configure:2505:   ./config.guess found
configure:2505:   ./config.sub found
configure:2505:   ./ltmain.sh found
configure:2505:   ./compile found
configure:2505:   ./missing found
configure:2487:   ./install-sh found
configure:2637: checking for a BSD-compatible install
configure:2710: result: /usr/bin/install -c
configure:2721: checking whether build environment is sane
configure:2776: result: yes
configure:2811: WARNING: 'missing' script is too old or missing
configure:2935: checking for a race-free mkdir -p
configure:2979: result: /usr/bin/mkdir -p
configure:2986: checking for gawk
configure:3007: found /usr/bin/gawk
configure:3018: result: gawk
configure:3029: checking whether make sets $(MAKE)
configure:3052: result: yes
configure:3082: checking whether make supports nested variables
configure:3100: result: yes
configure:3301: checking for gcc
configure:3322: found /usr/bin/gcc
configure:3333: result: gcc
configure:3686: checking for C compiler version
configure:3695: gcc --version >&5
gcc (Ubuntu 11.3.0-1ubuntu1~22.04) 11.3.0
Copyright (C) 2021 Free Software Foundation, Inc.
This is free software; see the source for copying conditions.  There is NO
warranty; not even for MERCHANTABILITY or FITNESS FOR A PARTICULAR PURPOSE.

configure:3706: $? = 0
configure:3695: gcc -v >&5
Using built-in specs.
COLLECT_GCC=gcc
COLLECT_LTO_WRAPPER=/usr/lib/gcc/aarch64-linux-gnu/11/lto-wrapper
Target: aarch64-linux-gnu
Configured with: ../src/configure -v --with-pkgversion='Ubuntu 11.3.0-1ubuntu1~22.04' --with-bugurl=file:///usr/share/doc/gcc-11/README.Bugs --enable-languages=c,ada,c++,go,d,fortran,objc,obj-c++,m2 --prefix=/usr --with-gcc-major-version-only --program-suffix=-11 --program-prefix=aarch64-linux-gnu- --enable-shared --enable-linker-build-id --libexecdir=/usr/lib --without-included-gettext --enable-threads=posix --libdir=/usr/lib --enable-nls --enable-bootstrap --enable-clocale=gnu --enable-libstdcxx-debug --enable-libstdcxx-time=yes --with-default-libstdcxx-abi=new --enable-gnu-unique-object --disable-libquadmath --disable-libquadmath-support --enable-plugin --enable-default-pie --with-system-zlib --enable-libphobos-checking=release --with-target-system-zlib=auto --enable-objc-gc=auto --enable-multiarch --enable-fix-cortex-a53-843419 --disable-werror --enable-checking=release --build=aarch64-linux-gnu --host=aarch64-linux-gnu --target=aarch64-linux-gnu --with-build-config=bootstrap-lto-lean --enable-link-serialization=2
Thread model: posix
Supported LTO compression algorithms: zlib zstd
gcc version 11.3.0 (Ubuntu 11.3.0-1ubuntu1~22.04) 
configure:3706: $? = 0
configure:3695: gcc -V >&5
gcc: error: unrecognized command-line option '-V'
gcc: fatal error: no input files
compilation terminated.
configure:3706: $? = 1
configure:3695: gcc -qversion >&5
gcc: error: unrecognized command-line option '-qversion'; did you mean '--version'?
gcc: fatal error: no input files
compilation terminated.
configure:3706: $? = 1
configure:3695: gcc -version >&5
gcc: error: unrecognized command-line option '-version'
gcc: fatal error: no input files
compilation terminated.
configure:3706: $? = 1
configure:3726: checking whether the C compiler works
configure:3748: gcc    conftest.c  >&5
configure:3752: $? = 0
configure:3802: result: yes
configure:3805: checking for C compiler default output file name
configure:3807: result: a.out
configure:3813: checking for suffix of executables
configure:3820: gcc -o conftest    conftest.c  >&5
configure:3824: $? = 0
configure:3847: result: 
configure:3869: checking whether we are cross compiling
configure:3877: gcc -o conftest    conftest.c  >&5
configure:3881: $? = 0
configure:3888: ./conftest
configure:3892: $? = 0
configure:3907: result: no
configure:3912: checking for suffix of object files
configure:3935: gcc -c   conftest.c >&5
configure:3939: $? = 0
configure:3961: result: o
configure:3965: checking whether the compiler supports GNU C
configure:3985: gcc -c   conftest.c >&5
configure:3985: $? = 0
configure:3995: result: yes
configure:4006: checking whether gcc accepts -g
configure:4027: gcc -c -g  conftest.c >&5
configure:4027: $? = 0
configure:4071: result: yes
configure:4091: checking for gcc option to enable C11 features
configure:4106: gcc  -c -g -O2  conftest.c >&5
configure:4106: $? = 0
configure:4124: result: none needed
configure:4240: checking whether gcc understands -c and -o together
configure:4263: gcc -c conftest.c -o conftest2.o
configure:4266: $? = 0
configure:4263: gcc -c conftest.c -o conftest2.o
configure:4266: $? = 0
configure:4278: result: yes
configure:4298: checking whether make supports the include directive
configure:4313: make -f confmf.GNU && cat confinc.out
this is the am__doit target
configure:4316: $? = 0
configure:4335: result: yes (GNU style)
configure:4361: checking dependency style of gcc
configure:4473: result: gcc3
configure:4520: checking build system type
configure:4530: error: cannot guess build type; you must specify one

## ---------------- ##
## Cache variables. ##
## ---------------- ##

ac_cv_c_compiler_gnu=yes
ac_cv_env_CC_set=
ac_cv_env_CC_value=
ac_cv_env_CFLAGS_set=
ac_cv_env_CFLAGS_value=
ac_cv_env_CPPFLAGS_set=
ac_cv_env_CPPFLAGS_value=
ac_cv_env_LDFLAGS_set=
ac_cv_env_LDFLAGS_value=
ac_cv_env_LIBS_set=
ac_cv_env_LIBS_value=
ac_cv_env_LT_SYS_LIBRARY_PATH_set=
ac_cv_env_LT_SYS_LIBRARY_PATH_value=
ac_cv_env_build_alias_set=
ac_cv_env_build_alias_value=
ac_cv_env_host_alias_set=
ac_cv_env_host_alias_value=
ac_cv_env_target_alias_set=
ac_cv_env_target_alias_value=
ac_cv_objext=o
ac_cv_path_install='/usr/bin/install -c'
ac_cv_path_mkdir=/usr/bin/mkdir
ac_cv_prog_AWK=gawk
ac_cv_prog_ac_ct_CC=gcc
ac_cv_prog_cc_c11=
ac_cv_prog_cc_g=yes
ac_cv_prog_cc_stdc=
ac_cv_prog_make_make_set=yes
am_cv_CC_dependencies_compiler_type=gcc3
am_cv_make_support_nested_variables=yes
am_cv_prog_cc_c_o=yes

## ----------------- ##
## Output variables. ##
## ----------------- ##

ACLOCAL='aclocal-1.16'
AMDEPBACKSLASH='\'
AMDEP_FALSE='#'
AMDEP_TRUE=''
AMTAR='$${TAR-tar}'
AM_BACKSLASH='\'
AM_DEFAULT_V='$(AM_DEFAULT_VERBOSITY)'
AM_DEFAULT_VERBOSITY='1'
AM_V='$(V)'
AR=''
AUTOCONF='autoconf'
AUTOHEADER='autoheader'
AUTOMAKE='automake-1.16'
AWK='gawk'
CC='gcc'
CCDEPMODE='depmode=gcc3'
CFLAGS='-g -O2'
CPPFLAGS=''
CSCOPE='cscope'
CTAGS='ctags'
CYGPATH_W='echo'
DEFS=''
DEPDIR='.deps'
DLLTOOL=''
DSYMUTIL=''
DUMPBIN=''
ECHO_C=''
ECHO_N='-n'
ECHO_T=''
EGREP=''
ETAGS='etags'
EXEEXT=''
FGREP=''
GREP=''
INSTALL_DATA='${INSTALL} -m 644'
INSTALL_PROGRAM='${INSTALL}'
INSTALL_SCRIPT='${INSTALL}'
INSTALL_STRIP_PROGRAM='$(install_sh) -c -s'
LD=''
LDFLAGS=''
LIBOBJS=''
LIBS=''
LIBTOOL=''
LIPO=''
LN_S=''
LTLIBOBJS=''
LT_SYS_LIBRARY_PATH=''
MAKEINFO='makeinfo'
MANIFEST_TOOL=''
MKDIR_P='/usr/bin/mkdir -p'
NM=''
NMEDIT=''
OBJDUMP=''
OBJEXT='o'
OTOOL64=''
OTOOL=''
PACKAGE='ta-lib'
PACKAGE_BUGREPORT='http://sourceforge.net/tracker/?group_id=8903&atid=108903'
PACKAGE_NAME='ta-lib'
PACKAGE_STRING='ta-lib 0.4.0'
PACKAGE_TARNAME='ta-lib'
PACKAGE_URL=''
PACKAGE_VERSION='0.4.0'
PATH_SEPARATOR=':'
POW_LIB=''
RANLIB=''
SED=''
SET_MAKE=''
SHELL='/bin/bash'
STRIP=''
TALIB_LIBRARY_VERSION=''
VERSION='0.4.0'
ac_ct_AR=''
ac_ct_CC='gcc'
ac_ct_DUMPBIN=''
am__EXEEXT_FALSE=''
am__EXEEXT_TRUE=''
am__fastdepCC_FALSE='#'
am__fastdepCC_TRUE=''
am__include='include'
am__isrc=''
am__leading_dot='.'
am__nodep='_no'
am__quote=''
am__tar='$${TAR-tar} chof - "$$tardir"'
am__untar='$${TAR-tar} xf -'
bindir='${exec_prefix}/bin'
build=''
build_alias=''
build_cpu=''
build_os=''
build_vendor=''
datadir='${datarootdir}'
datarootdir='${prefix}/share'
docdir='${datarootdir}/doc/${PACKAGE_TARNAME}'
dvidir='${docdir}'
exec_prefix='NONE'
host=''
host_alias=''
host_cpu=''
host_os=''
host_vendor=''
htmldir='${docdir}'
includedir='${prefix}/include'
infodir='${datarootdir}/info'
install_sh='${SHELL} /UltimeTradingBot/Binance-Fast-Trade-Bot/ta-lib/install-sh'
libdir='${exec_prefix}/lib'
libexecdir='${exec_prefix}/libexec'
localedir='${datarootdir}/locale'
localstatedir='${prefix}/var'
mandir='${datarootdir}/man'
mkdir_p='$(MKDIR_P)'
oldincludedir='/usr/include'
pdfdir='${docdir}'
prefix='NONE'
program_transform_name='s,x,x,'
psdir='${docdir}'
runstatedir='${localstatedir}/run'
sbindir='${exec_prefix}/sbin'
sharedstatedir='${prefix}/com'
sysconfdir='${prefix}/etc'
target_alias=''

## ----------- ##
## confdefs.h. ##
## ----------- ##

/* confdefs.h */
#define PACKAGE_NAME "ta-lib"
#define PACKAGE_TARNAME "ta-lib"
#define PACKAGE_VERSION "0.4.0"
#define PACKAGE_STRING "ta-lib 0.4.0"
#define PACKAGE_BUGREPORT "http://sourceforge.net/tracker/?group_id=8903&atid=108903"
#define PACKAGE_URL ""
#define PACKAGE "ta-lib"
#define VERSION "0.4.0"

configure: exit 1
